Build started 29.12.2014 10:30:12.
     1>Project "D:\Workspace\C++\FaceVerification\FaceVerification\FaceVerification.vcxproj" on node 2 (Rebuild target(s)).
     1>ClCompile:
         C:\Program Files (x86)\Microsoft Visual Studio 12.0\VC\bin\x86_amd64\CL.exe /c /I"C:\OpenCV-2.4.10\build\include" /Zi /nologo /W3 /WX- /sdl /O2 /Oi /GL /D "WIN32" /D NDEBUG /D _CONSOLE /D "_LIB" /D "_UNICODE" /D "UNICODE" /Gm- /EHsc /MD /GS /Gy /fp:precise /Zc:wchar_t /Zc:forScope /Yc"stdafx.h" /Fp"x64\Release\FaceVerification.pch" /Fo"x64\Release\\" /Fd"x64\Release\vc120.pdb" /Gd /TP /errorReport:prompt stdafx.cpp
         stdafx.cpp
         C:\Program Files (x86)\Microsoft Visual Studio 12.0\VC\bin\x86_amd64\CL.exe /c /I"C:\OpenCV-2.4.10\build\include" /Zi /nologo /W3 /WX- /sdl /O2 /Oi /GL /D "WIN32" /D NDEBUG /D _CONSOLE /D "_LIB" /D "_UNICODE" /D "UNICODE" /Gm- /EHsc /MD /GS /Gy /fp:precise /Zc:wchar_t /Zc:forScope /Yu"stdafx.h" /Fp"x64\Release\FaceVerification.pch" /Fo"x64\Release\\" /Fd"x64\Release\vc120.pdb" /Gd /TP /errorReport:prompt classifier.cpp FaceVerification.cpp lbpfeatureextractor.cpp main.cpp preprocessor.cpp
         classifier.cpp
     1>classifier.cpp(177): warning C4244: 'initializing' : conversion from 'double' to 'int', possible loss of data
     1>classifier.cpp(178): warning C4244: 'initializing' : conversion from 'double' to 'int', possible loss of data
     1>classifier.cpp(284): warning C4267: 'initializing' : conversion from 'size_t' to 'int', possible loss of data
     1>classifier.cpp(301): warning C4244: '=' : conversion from 'double' to 'float', possible loss of data
     1>classifier.cpp(308): warning C4267: 'initializing' : conversion from 'size_t' to 'int', possible loss of data
     1>classifier.cpp(310): warning C4267: 'initializing' : conversion from 'size_t' to 'int', possible loss of data
     1>classifier.cpp(337): warning C4244: '=' : conversion from 'double' to 'float', possible loss of data
         FaceVerification.cpp
         lbpfeatureextractor.cpp
     1>lbpfeatureextractor.cpp(20): warning C4244: '=' : conversion from 'double' to 'int', possible loss of data
     1>lbpfeatureextractor.cpp(63): warning C4244: '=' : conversion from 'double' to 'int', possible loss of data
     1>lbpfeatureextractor.cpp(69): warning C4244: '=' : conversion from 'double' to 'int', possible loss of data
     1>lbpfeatureextractor.cpp(75): warning C4244: '=' : conversion from 'double' to 'int', possible loss of data
     1>lbpfeatureextractor.cpp(131): warning C4244: 'initializing' : conversion from 'double' to 'float', possible loss of data
                 lbpfeatureextractor.cpp(257) : see reference to function template instantiation 'void LBPFeatureExtractor::ELBP_<char>(const cv::Mat &,cv::Mat &,int,int)' being compiled
     1>lbpfeatureextractor.cpp(132): warning C4244: 'initializing' : conversion from 'double' to 'float', possible loss of data
     1>lbpfeatureextractor.cpp(149): warning C4244: 'initializing' : conversion from 'const double' to 'float', possible loss of data
     1>lbpfeatureextractor.cpp(168): warning C4244: 'initializing' : conversion from 'double' to 'float', possible loss of data
                 lbpfeatureextractor.cpp(270) : see reference to function template instantiation 'void LBPFeatureExtractor::VARLBP_<char>(const cv::Mat &,cv::Mat &,int,int)' being compiled
     1>lbpfeatureextractor.cpp(169): warning C4244: 'initializing' : conversion from 'double' to 'float', possible loss of data
     1>lbpfeatureextractor.cpp(188): warning C4244: '=' : conversion from 'double' to 'float', possible loss of data
     1>lbpfeatureextractor.cpp(196): warning C4244: '=' : conversion from 'double' to 'float', possible loss of data
     1>lbpfeatureextractor.cpp(186): warning C4244: 'initializing' : conversion from 'const double' to 'float', possible loss of data
         main.cpp
         preprocessor.cpp
       Link:
         C:\Program Files (x86)\Microsoft Visual Studio 12.0\VC\bin\x86_amd64\link.exe /ERRORREPORT:PROMPT /OUT:"D:\Workspace\C++\FaceVerification\x64\Release\FaceVerification.exe" /INCREMENTAL:NO /NOLOGO /LIBPATH:"C:\OpenCV-2.4.10\build\x64\vc11\lib" opencv_calib3d2410.lib opencv_contrib2410.lib opencv_core2410.lib opencv_features2d2410.lib opencv_flann2410.lib opencv_gpu2410.lib opencv_highgui2410.lib opencv_imgproc2410.lib opencv_legacy2410.lib opencv_ml2410.lib opencv_nonfree2410.lib opencv_objdetect2410.lib opencv_ocl2410.lib opencv_photo2410.lib opencv_stitching2410.lib opencv_superres2410.lib opencv_ts2410.lib opencv_video2410.lib opencv_videostab2410.lib kernel32.lib user32.lib gdi32.lib winspool.lib comdlg32.lib advapi32.lib shell32.lib ole32.lib oleaut32.lib uuid.lib odbc32.lib odbccp32.lib /MANIFEST /MANIFESTUAC:"level='asInvoker' uiAccess='false'" /manifest:embed /DEBUG /PDB:"D:\Workspace\C++\FaceVerification\x64\Release\FaceVerification.pdb" /SUBSYSTEM:CONSOLE /OPT:REF /OPT:ICF /LTCG /TLBID:1 /DYNAMICBASE /NXCOMPAT /IMPLIB:"D:\Workspace\C++\FaceVerification\x64\Release\FaceVerification.lib" /MACHINE:X64 x64\Release\classifier.obj
         x64\Release\FaceVerification.obj
         x64\Release\lbpfeatureextractor.obj
         x64\Release\main.obj
         x64\Release\preprocessor.obj
         x64\Release\stdafx.obj
         Generating code
     1>d:\workspace\c++\faceverification\faceverification\lbpfeatureextractor.cpp(310): warning C4715: 'LBPFeatureExtractor::histogram' : not all control paths return a value
         Finished generating code
         FaceVerification.vcxproj -> D:\Workspace\C++\FaceVerification\x64\Release\FaceVerification.exe
     1>Done Building Project "D:\Workspace\C++\FaceVerification\FaceVerification\FaceVerification.vcxproj" (Rebuild target(s)).

Build succeeded.

Time Elapsed 00:00:04.29
